[    0.000000] Initializing cgroup subsys cpuset
[    0.000000] Initializing cgroup subsys cpu
[    0.000000] Initializing cgroup subsys cpuacct
[    0.000000] Linux version 4.4.0-138-generic (buildd@lcy01-amd64-006) (gcc version 5.4.0 20160609 (Ubuntu 5.4.0-6ubuntu1~16.04.10) ) #164-Ubuntu SMP Tue Oct 2 17:16:02 UTC 2018 (Ubuntu 4.4.0-138.164-generic 4.4.155)
[    0.000000] Command line: BOOT_IMAGE=/boot/vmlinuz-4.4.0-138-generic root=LABEL=cloudimg-rootfs ro console=tty1 console=ttyS0
[    0.000000] KERNEL supported cpus:
[    0.000000]   Intel GenuineIntel
[    0.000000]   AMD AuthenticAMD
[    0.000000]   Centaur CentaurHauls
[    0.000000] x86/fpu: Legacy x87 FPU detected.
[    0.000000] e820: BIOS-provided physical RAM map:
[    0.000000] BIOS-e820: [mem 0x0000000000000000-0x000000000009fbff] usable
[    0.000000] BIOS-e820: [mem 0x000000000009fc00-0x000000000009ffff] reserved
[    0.000000] BIOS-e820: [mem 0x00000000000f0000-0x00000000000fffff] reserved
[    0.000000] BIOS-e820: [mem 0x0000000000100000-0x000000003ffeffff] usable
[    0.000000] BIOS-e820: [mem 0x000000003fff0000-0x000000003fffffff] ACPI data
[    0.000000] BIOS-e820: [mem 0x00000000fec00000-0x00000000fec00fff] reserved
[    0.000000] BIOS-e820: [mem 0x00000000fee00000-0x00000000fee00fff] reserved
[    0.000000] BIOS-e820: [mem 0x00000000fffc0000-0x00000000ffffffff] reserved
[    0.000000] NX (Execute Disable) protection: active
[    0.000000] SMBIOS 2.5 present.
[    0.000000] Hypervisor detected: KVM
[    0.000000] e820: last_pfn = 0x3fff0 max_arch_pfn = 0x400000000
[    0.000000] MTRR: Disabled
[    0.000000] x86/PAT: MTRRs disabled, skipping PAT initialization too.
[    0.000000] CPU MTRRs all blank - virtualized system.
[    0.000000] x86/PAT: Configuration [0-7]: WB  WT  UC- UC  WB  WT  UC- UC  
[    0.000000] found SMP MP-table at [mem 0x0009fff0-0x0009ffff] mapped at [ffff88000009fff0]
[    0.000000] Scanning 1 areas for low memory corruption
[    0.000000] RAMDISK: [mem 0x3630c000-0x3717dfff]
[    0.000000] ACPI: Early table checksum verification disabled
[    0.000000] ACPI: RSDP 0x00000000000E0000 000024 (v02 VBOX  )
[    0.000000] ACPI: XSDT 0x000000003FFF0030 00003C (v01 VBOX   VBOXXSDT 00000001 ASL  00000061)
[    0.000000] ACPI: FACP 0x000000003FFF00F0 0000F4 (v04 VBOX   VBOXFACP 00000001 ASL  00000061)
[    0.000000] ACPI: DSDT 0x000000003FFF0470 0021C8 (v02 VBOX   VBOXBIOS 00000002 INTL 20100528)
[    0.000000] ACPI: FACS 0x000000003FFF0200 000040
[    0.000000] ACPI: FACS 0x000000003FFF0200 000040
[    0.000000] ACPI: APIC 0x000000003FFF0240 00005C (v02 VBOX   VBOXAPIC 00000001 ASL  00000061)
[    0.000000] ACPI: SSDT 0x000000003FFF02A0 0001CC (v01 VBOX   VBOXCPUT 00000002 INTL 20100528)
[    0.000000] No NUMA configuration found
[    0.000000] Faking a node at [mem 0x0000000000000000-0x000000003ffeffff]
[    0.000000] NODE_DATA(0) allocated [mem 0x3ffeb000-0x3ffeffff]
[    0.000000] kvm-clock: Using msrs 4b564d01 and 4b564d00
[    0.000000] kvm-clock: cpu 0, msr 0:3ffe3001, primary cpu clock
[    0.000000] kvm-clock: using sched offset of 5233906503 cycles
[    0.000000] clocksource: kvm-clock: mask: 0xffffffffffffffff max_cycles: 0x1cd42e4dffb, max_idle_ns: 881590591483 ns
[    0.000000] Zone ranges:
[    0.000000]   DMA      [mem 0x0000000000001000-0x0000000000ffffff]
[    0.000000]   DMA32    [mem 0x0000000001000000-0x000000003ffeffff]
[    0.000000]   Normal   empty
[    0.000000]   Device   empty
[    0.000000] Movable zone start for each node
[    0.000000] Early memory node ranges
[    0.000000]   node   0: [mem 0x0000000000001000-0x000000000009efff]
[    0.000000]   node   0: [mem 0x0000000000100000-0x000000003ffeffff]
[    0.000000] Initmem setup node 0 [mem 0x0000000000001000-0x000000003ffeffff]
[    0.000000] ACPI: PM-Timer IO Port: 0x4008
[    0.000000] IOAPIC[0]: apic_id 2, version 32, address 0xfec00000, GSI 0-23
[    0.000000] ACPI: INT_SRC_OVR (bus 0 bus_irq 0 global_irq 2 dfl dfl)
[    0.000000] ACPI: INT_SRC_OVR (bus 0 bus_irq 9 global_irq 9 high level)
[    0.000000] Using ACPI (MADT) for SMP configuration information
[    0.000000] smpboot: Allowing 2 CPUs, 0 hotplug CPUs
[    0.000000] PM: Registered nosave memory: [mem 0x00000000-0x00000fff]
[    0.000000] PM: Registered nosave memory: [mem 0x0009f000-0x0009ffff]
[    0.000000] PM: Registered nosave memory: [mem 0x000a0000-0x000effff]
[    0.000000] PM: Registered nosave memory: [mem 0x000f0000-0x000fffff]
[    0.000000] e820: [mem 0x40000000-0xfebfffff] available for PCI devices
[    0.000000] Booting paravirtualized kernel on KVM
[    0.000000] clocksource: refined-jiffies: mask: 0xffffffff max_cycles: 0xffffffff, max_idle_ns: 7645519600211568 ns
[    0.000000] setup_percpu: NR_CPUS:512 nr_cpumask_bits:512 nr_cpu_ids:2 nr_node_ids:1
[    0.000000] PERCPU: Embedded 34 pages/cpu @ffff88003fc00000 s99608 r8192 d31464 u1048576
[    0.000000] PV qspinlock hash table entries: 256 (order: 0, 4096 bytes)
[    0.000000] Built 1 zonelists in Node order, mobility grouping on.  Total pages: 257912
[    0.000000] Policy zone: DMA32
[    0.000000] Kernel command line: BOOT_IMAGE=/boot/vmlinuz-4.4.0-138-generic root=LABEL=cloudimg-rootfs ro console=tty1 console=ttyS0
[    0.000000] PID hash table entries: 4096 (order: 3, 32768 bytes)
[    0.000000] Memory: 997712K/1048120K available (8563K kernel code, 1314K rwdata, 4004K rodata, 1528K init, 1316K bss, 50408K reserved, 0K cma-reserved)
[    0.000000] SLUB: HWalign=64, Order=0-3, MinObjects=0, CPUs=2, Nodes=1
[    0.000000] Kernel/User page tables isolation: enabled
[    0.000000] Hierarchical RCU implementation.
[    0.000000] 	Build-time adjustment of leaf fanout to 64.
[    0.000000] 	RCU restricting CPUs from NR_CPUS=512 to nr_cpu_ids=2.
[    0.000000] RCU: Adjusting geometry for rcu_fanout_leaf=64, nr_cpu_ids=2
[    0.000000] NR_IRQS:33024 nr_irqs:440 16
[    0.000000] Console: colour VGA+ 80x25
[    0.000000] console [tty1] enabled
[    0.000000] console [ttyS0] enabled
[    0.000000] tsc: Detected 2646.480 MHz processor
[   10.092533] Calibrating delay loop (skipped) preset value.. 5292.96 BogoMIPS (lpj=10585920)
[   10.227573] pid_max: default: 32768 minimum: 301
[   10.293331] ACPI: Core revision 20150930
[   10.304452] ACPI: 2 ACPI AML tables successfully acquired and loaded
[   10.339958] Security Framework initialized
[   10.368236] Yama: becoming mindful.
[   10.422067] AppArmor: AppArmor initialized
[   10.499032] Dentry cache hash table entries: 131072 (order: 8, 1048576 bytes)
[   10.604935] Inode-cache hash table entries: 65536 (order: 7, 524288 bytes)
[   10.633078] Mount-cache hash table entries: 2048 (order: 2, 16384 bytes)
[   10.636232] Mountpoint-cache hash table entries: 2048 (order: 2, 16384 bytes)
[   10.679548] Initializing cgroup subsys io
[   10.690763] Initializing cgroup subsys memory
[   10.700980] Initializing cgroup subsys devices
[   10.748628] Initializing cgroup subsys freezer
[   10.810610] Initializing cgroup subsys net_cls
[   10.845961] Initializing cgroup subsys perf_event
[   10.867927] Initializing cgroup subsys net_prio
[   10.898404] Initializing cgroup subsys hugetlb
[   10.961204] Initializing cgroup subsys pids
[   10.998990] mce: CPU supports 0 MCE banks
[   11.041670] Last level iTLB entries: 4KB 128, 2MB 4, 4MB 4
[   11.154185] Last level dTLB entries: 4KB 256, 2MB 0, 4MB 32, 1GB 0
[   11.300729] Spectre V2 : Mitigation: Full generic retpoline
[   11.342060] Spectre V2 : Spectre v2 mitigation: Speculation control IBPB not-supported IBRS not-supported
[   11.471234] Spectre V2 : Spectre v2 / SpectreRSB mitigation: Filling RSB on context switch
[   11.610901] Speculative Store Bypass: Vulnerable
[   11.670541] Freeing SMP alternatives memory: 32K
[   11.758740] ftrace: allocating 32278 entries in 127 pages
[   11.933328] smpboot: APIC(0) Converting physical 0 to logical package 0
[   12.057534] smpboot: Max logical packages: 1
[   12.149505] x2apic enabled
[   12.196573] Switched APIC routing to physical x2apic.
[   12.267234] ..TIMER: vector=0x30 apic1=0 pin1=2 apic2=-1 pin2=-1
[   12.452074] smpboot: CPU0: Intel(R) Core(TM)2 Quad CPU    Q8400  @ 2.66GHz (family: 0x6, model: 0x17, stepping: 0xa)
[   12.622105] Performance Events: unsupported p6 CPU model 23 no PMU driver, software events only.
[   12.771165] KVM setup paravirtual spinlock
[   12.862512] x86: Booting SMP configuration:
[   12.956565] .... node  #0, CPUs:      #1
[   13.035937] kvm-clock: cpu 1, msr 0:3ffe3041, secondary cpu clock
[   13.096410] mce: CPU supports 0 MCE banks
[   13.131998] TSC synchronization [CPU#0 -> CPU#1]:
[   13.174706] Measured 48051 cycles TSC warp between CPUs, turning off TSC clock.
[   13.251773] tsc: Marking TSC unstable due to check_tsc_sync_source failed
[   13.338370] x86: Booted up 1 node, 2 CPUs
[   13.421426] smpboot: Total of 2 processors activated (10585.92 BogoMIPS)
[    0.352124] devtmpfs: initialized
[    0.362434] evm: security.selinux
[    0.364010] evm: security.SMACK64
[    0.368010] evm: security.SMACK64EXEC
[    0.372008] evm: security.SMACK64TRANSMUTE
[    0.376009] evm: security.SMACK64MMAP
[    0.380011] evm: security.ima
[    0.384010] evm: security.capability
[    0.392210] clocksource: jiffies: mask: 0xffffffff max_cycles: 0xffffffff, max_idle_ns: 7645041785100000 ns
[    0.396199] futex hash table entries: 512 (order: 3, 32768 bytes)
[    0.400248] pinctrl core: initialized pinctrl subsystem
[    0.404914] RTC time: 22:35:52, date: 11/07/18
[    0.413609] NET: Registered protocol family 16
[    0.428056] cpuidle: using governor ladder
[    0.444017] cpuidle: using governor menu
[    0.448018] PCCT header not found.
[    0.452149] ACPI: bus type PCI registered
[    0.456007] acpiphp: ACPI Hot Plug PCI Controller Driver version: 0.5
[    0.460247] PCI: Using configuration type 1 for base access
[    0.476194] ACPI: Added _OSI(Module Device)
[    0.480011] ACPI: Added _OSI(Processor Device)
[    0.484010] ACPI: Added _OSI(3.0 _SCP Extensions)
[    0.488017] ACPI: Added _OSI(Processor Aggregator Device)
[    0.493235] ACPI: Executed 1 blocks of module-level executable AML code
[    0.506363] ACPI: Interpreter enabled
[    0.508036] ACPI: (supports S0 S5)
[    0.512044] ACPI: Using IOAPIC for interrupt routing
[    0.520340] PCI: Using host bridge windows from ACPI; if necessary, use "pci=nocrs" and report a bug
[    0.533089] ACPI: PCI Root Bridge [PCI0] (domain 0000 [bus 00-ff])
[    0.536028] acpi PNP0A03:00: _OSC: OS supports [ASPM ClockPM Segments MSI]
[    0.540033] acpi PNP0A03:00: _OSC failed (AE_NOT_FOUND); disabling ASPM
[    0.544027] acpi PNP0A03:00: fail to add MMCONFIG information, can't access extended PCI configuration space under this bridge.
[    0.548486] PCI host bridge to bus 0000:00
[    0.552029] pci_bus 0000:00: root bus resource [io  0x0000-0x0cf7 window]
[    0.556013] pci_bus 0000:00: root bus resource [io  0x0d00-0xffff window]
[    0.560013] pci_bus 0000:00: root bus resource [mem 0x000a0000-0x000bffff window]
[    0.564017] pci_bus 0000:00: root bus resource [mem 0x40000000-0xffdfffff window]
[    0.568014] pci_bus 0000:00: root bus resource [bus 00-ff]
[    0.574680] pci 0000:00:01.1: legacy IDE quirk: reg 0x10: [io  0x01f0-0x01f7]
[    0.576014] pci 0000:00:01.1: legacy IDE quirk: reg 0x14: [io  0x03f6]
[    0.580014] pci 0000:00:01.1: legacy IDE quirk: reg 0x18: [io  0x0170-0x0177]
[    0.584012] pci 0000:00:01.1: legacy IDE quirk: reg 0x1c: [io  0x0376]
[    0.640222] pci 0000:00:07.0: quirk: [io  0x4000-0x403f] claimed by PIIX4 ACPI
[    0.644032] pci 0000:00:07.0: quirk: [io  0x4100-0x410f] claimed by PIIX4 SMB
[    0.678403] ACPI: PCI Interrupt Link [LNKA] (IRQs 5 9 10 *11)
[    0.688000] ACPI: PCI Interrupt Link [LNKB] (IRQs 5 9 10 *11)
[    0.701015] ACPI: PCI Interrupt Link [LNKC] (IRQs 5 9 *10 11)
[    0.717061] ACPI: PCI Interrupt Link [LNKD] (IRQs 5 *9 10 11)
[    0.730613] ACPI: Enabled 2 GPEs in block 00 to 07
[    0.736196] vgaarb: setting as boot device: PCI:0000:00:02.0
[    0.740000] vgaarb: device added: PCI:0000:00:02.0,decodes=io+mem,owns=io+mem,locks=none
[    0.740020] vgaarb: loaded
[    0.744016] vgaarb: bridge control possible 0000:00:02.0
[    0.748850] SCSI subsystem initialized
[    0.756292] ACPI: bus type USB registered
[    0.764085] usbcore: registered new interface driver usbfs
[    0.768061] usbcore: registered new interface driver hub
[    0.772069] usbcore: registered new device driver usb
[    0.782003] PCI: Using ACPI for IRQ routing
[    0.784949] NetLabel: Initializing
[    0.788016] NetLabel:  domain hash size = 128
[    0.792014] NetLabel:  protocols = UNLABELED CIPSOv4
[    0.796129] NetLabel:  unlabeled traffic allowed by default
[    0.800379] amd_nb: Cannot enumerate AMD northbridges
[    0.804169] clocksource: Switched to clocksource kvm-clock
[    0.831457] AppArmor: AppArmor Filesystem Enabled
[    0.901447] pnp: PnP ACPI init
[    0.966501] pnp: PnP ACPI: found 3 devices
[    1.068473] clocksource: acpi_pm: mask: 0xffffff max_cycles: 0xffffff, max_idle_ns: 2085701024 ns
[    1.287543] NET: Registered protocol family 2
[    1.400449] TCP established hash table entries: 8192 (order: 4, 65536 bytes)
[    1.573904] TCP bind hash table entries: 8192 (order: 5, 131072 bytes)
[    1.731576] TCP: Hash tables configured (established 8192 bind 8192)
[    1.901045] UDP hash table entries: 512 (order: 2, 16384 bytes)
[    2.038118] UDP-Lite hash table entries: 512 (order: 2, 16384 bytes)
[    2.214191] NET: Registered protocol family 1
[    2.336096] pci 0000:00:00.0: Limiting direct PCI/PCI transfers
[    2.491983] pci 0000:00:01.0: Activating ISA DMA hang workarounds
[    2.639028] Unpacking initramfs...
[    3.094051] Freeing initrd memory: 14792K
[    3.178152] clocksource: tsc: mask: 0xffffffffffffffff max_cycles: 0x2625bfc49a1, max_idle_ns: 440795210572 ns
[    3.239514] platform rtc_cmos: registered platform RTC device (no PNP device found)
[    3.258499] Scanning for low memory corruption every 60 seconds
[    3.295300] audit: initializing netlink subsys (disabled)
[    3.340065] audit: type=2000 audit(1541630148.362:1): initialized
[    3.396056] Initialise system trusted keyring
[    3.437766] HugeTLB registered 2 MB page size, pre-allocated 0 pages
[    3.499589] zbud: loaded
[    3.510249] VFS: Disk quotas dquot_6.6.0
[    3.562156] VFS: Dquot-cache hash table entries: 512 (order 0, 4096 bytes)
[    3.564902] squashfs: version 4.0 (2009/01/31) Phillip Lougher
[    3.579467] fuse init (API version 7.23)
[    3.635726] Key type big_key registered
[    3.643379] Allocating IMA MOK and blacklist keyrings.
[    3.661197] Key type asymmetric registered
[    3.669715] Asymmetric key parser 'x509' registered
[    3.683100] Block layer SCSI generic (bsg) driver version 0.4 loaded (major 249)
[    3.704202] io scheduler noop registered
[    3.721511] io scheduler deadline registered (default)
[    3.736289] io scheduler cfq registered
[    3.741356] pci_hotplug: PCI Hot Plug PCI Core version: 0.5
[    3.805672] pciehp: PCI Express Hot Plug Controller Driver version: 0.4
[    3.832564] ACPI: AC Adapter [AC] (on-line)
[    3.867679] input: Power Button as /devices/LNXSYSTM:00/LNXPWRBN:00/input/input0
[    3.944334] ACPI: Power Button [PWRF]
[    3.990629] input: Sleep Button as /devices/LNXSYSTM:00/LNXSLPBN:00/input/input1
[    4.049864] ACPI: Sleep Button [SLPF]
[    4.090328] GHES: HEST is not enabled!
[    4.153693] Serial: 8250/16550 driver, 32 ports, IRQ sharing enabled
ÿ[    4.259849] 00:02: ttyS0 at I/O 0x3f8 (irq = 4, base_baud = 115200) is a 16550A
[    4.402665] Linux agpgart interface v0.103
[    4.468472] loop: module loaded
[    4.517259] scsi host0: ata_piix
[    4.572529] scsi host1: ata_piix
[    4.625071] ata1: PATA max UDMA/33 cmd 0x1f0 ctl 0x3f6 bmdma 0xd000 irq 14
[    4.666347] ata2: PATA max UDMA/33 cmd 0x170 ctl 0x376 bmdma 0xd008 irq 15
[    4.702060] libphy: Fixed MDIO Bus: probed
[    4.738019] tun: Universal TUN/TAP device driver, 1.6
[    4.768262] tun: (C) 1999-2004 Max Krasnyansky <maxk@qualcomm.com>
[    4.775740] PPP generic driver version 2.4.2
[    4.785607] ehci_hcd: USB 2.0 'Enhanced' Host Controller (EHCI) Driver
[    4.797746] ehci-pci: EHCI PCI platform driver
[    4.814404] ehci-platform: EHCI generic platform driver
[    4.829300] ohci_hcd: USB 1.1 'Open' Host Controller (OHCI) Driver
[    4.831398] ohci-pci: OHCI PCI platform driver
[    4.836264] ohci-platform: OHCI generic platform driver
[    4.938648] uhci_hcd: USB Universal Host Controller Interface driver
[    4.991751] i8042: PNP: PS/2 Controller [PNP0303:PS2K,PNP0f03:PS2M] at 0x60,0x64 irq 1,12
[    5.059704] serio: i8042 KBD port at 0x60,0x64 irq 1
[    5.086495] serio: i8042 AUX port at 0x60,0x64 irq 12
[    5.132860] mousedev: PS/2 mouse device common for all mice
[    5.137527] rtc_cmos rtc_cmos: rtc core: registered rtc_cmos as rtc0
[    5.218762] rtc_cmos rtc_cmos: alarms up to one day, 114 bytes nvram
[    5.272936] i2c /dev entries driver
[    5.308522] device-mapper: uevent: version 1.0.3
[    5.361080] device-mapper: ioctl: 4.34.0-ioctl (2015-10-28) initialised: dm-devel@redhat.com
[    5.454591] ledtrig-cpu: registered to indicate activity on CPUs
[    5.516770] input: AT Translated Set 2 keyboard as /devices/platform/i8042/serio0/input/input2
[    5.611924] NET: Registered protocol family 10
[    5.656573] NET: Registered protocol family 17
[    5.704587] Key type dns_resolver registered
[    5.749223] registered taskstats version 1
[    5.783675] Loading compiled-in X.509 certificates
[    5.806404] Loaded X.509 cert 'Build time autogenerated kernel key: 9a104bc44b81e9426fe5c715e47d021d02d69eba'
[    5.848550] zswap: loaded using pool lzo/zbud
[    5.896904] Key type trusted registered
[    5.984361] Key type encrypted registered
[    6.015547] AppArmor: AppArmor sha1 policy hashing enabled
[    6.047335] ima: No TPM chip found, activating TPM-bypass!
[    6.064899] ima: Allocated hash algorithm: sha1
[    6.118949] evm: HMAC attrs: 0x1
[    6.187653]   Magic number: 10:919:602
[    6.199920] rtc_cmos rtc_cmos: setting system clock to 2018-11-07 22:36:01 UTC (1541630161)
[    6.230169] BIOS EDD facility v0.16 2004-Jun-25, 0 devices found
[    6.271607] EDD information not available.
[    6.301549] Freeing unused kernel memory: 1528K
[    6.332349] Write protecting the kernel read-only data: 14336k
[    6.363791] Freeing unused kernel memory: 1664K
[    6.433974] Freeing unused kernel memory: 92K
Loading, please wait...
starting version[    6.660655] random: systemd-udevd: uninitialized urandom read (16 bytes read, 4 bits of entropy available)
 229
[    6.672022] random: udevadm: uninitialized urandom read (16 bytes read, 4 bits of entropy available)
[    6.672688] random: udevadm: uninitialized urandom read (16 bytes read, 4 bits of entropy available)
[    6.764184] random: udevadm: uninitialized urandom read (16 bytes read, 4 bits of entropy available)
[    6.764558] random: udevadm: uninitialized urandom read (16 bytes read, 4 bits of entropy available)
[    6.765640] random: udevadm: uninitialized urandom read (16 bytes read, 4 bits of entropy available)
[    6.766133] random: udevadm: uninitialized urandom read (16 bytes read, 4 bits of entropy available)
[    6.766636] random: udevadm: uninitialized urandom read (16 bytes read, 4 bits of entropy available)
[    6.767095] random: udevadm: uninitialized urandom read (16 bytes read, 4 bits of entropy available)
[    6.767578] random: udevadm: uninitialized urandom read (16 bytes read, 4 bits of entropy available)
[    7.769686] e1000: Intel(R) PRO/1000 Network Driver - version 7.3.21-k8-NAPI
[    7.786137] e1000: Copyright (c) 1999-2006 Intel Corporation.
[    7.827389] Fusion MPT base driver 3.04.20
[    7.835966] Copyright (c) 1999-2008 LSI Corporation
[    8.361881] Fusion MPT SPI Host driver 3.04.20
[    8.362692] input: ImExPS/2 Generic Explorer Mouse as /devices/platform/i8042/serio1/input/input4
[    8.455154] e1000 0000:00:03.0 eth0: (PCI:33MHz:32-bit) 02:33:70:c2:c2:dc
[    8.564941] e1000 0000:00:03.0 eth0: Intel(R) PRO/1000 Network Connection
[    8.592036] e1000 0000:00:03.0 enp0s3: renamed from eth0
[    8.593772] mptbase: ioc0: Initiating bringup
[    8.659555] ioc0: LSI53C1030 A0: Capabilities={Initiator}
[    8.825379] scsi host2: ioc0: LSI53C1030 A0, FwRev=00000000h, Ports=1, MaxQ=256, IRQ=20
[    9.105487] scsi 2:0:0:0: Direct-Access     VBOX     HARDDISK         1.0  PQ: 0 ANSI: 5
[    9.226153] scsi target2:0:0: Beginning Domain Validation
[    9.334930] scsi target2:0:0: Domain Validation skipping write tests
[    9.430076] scsi target2:0:0: Ending Domain Validation
[    9.510132] scsi target2:0:0: asynchronous
[    9.552498] scsi 2:0:1:0: Direct-Access     VBOX     HARDDISK         1.0  PQ: 0 ANSI: 5
[    9.661697] scsi target2:0:1: Beginning Domain Validation
[    9.682981] scsi target2:0:1: Domain Validation skipping write tests
[    9.702358] scsi target2:0:1: Ending Domain Validation
[    9.710274] scsi target2:0:1: asynchronous
[    9.731056] sd 2:0:0:0: Attached scsi generic sg0 type 0
[    9.731503] sd 2:0:0:0: [sda] 20971520 512-byte logical blocks: (10.7 GB/10.0 GiB)
[    9.731713] sd 2:0:0:0: [sda] Write Protect is off
[    9.731854] sd 2:0:0:0: [sda] Incomplete mode parameter data
[    9.731855] sd 2:0:0:0: [sda] Assuming drive cache: write through
[    9.739745]  sda: sda1
[    9.741730] sd 2:0:0:0: [sda] Attached SCSI disk
[   10.113199] sd 2:0:1:0: Attached scsi generic sg1 type 0
[   10.113762] sd 2:0:1:0: [sdb] 20480 512-byte logical blocks: (10.5 MB/10.0 MiB)
[   10.113964] sd 2:0:1:0: [sdb] Write Protect is off
[   10.114097] sd 2:0:1:0: [sdb] Incomplete mode parameter data
[   10.114098] sd 2:0:1:0: [sdb] Assuming drive cache: write through
[   10.127127] sd 2:0:1:0: [sdb] Attached SCSI disk
Begin: Loading essential drivers ... [   13.304011] md: linear personality registered for level -1
[   13.360022] md: multipath personality registered for level -4
[   13.414755] md: raid0 personality registered for level 0
[   13.471111] md: raid1 personality registered for level 1
[   13.613201] raid6: sse2x1   gen()  2723 MB/s
[   13.688436] raid6: sse2x1   xor()  3256 MB/s
[   13.768106] raid6: sse2x2   gen()  5983 MB/s
[   13.840511] raid6: sse2x2   xor()  4733 MB/s
[   13.928250] raid6: sse2x4   gen()  7156 MB/s
[   14.020197] raid6: sse2x4   xor()  5352 MB/s
[   14.090544] raid6: using algorithm sse2x4 gen() 7156 MB/s
[   14.137928] raid6: .... xor() 5352 MB/s, rmw enabled
[   14.139731] raid6: using ssse3x2 recovery algorithm
[   14.152519] xor: measuring software checksum speed
[   14.216158]    prefetch64-sse: 11195.000 MB/sec
[   14.332314]    generic_sse:  9406.000 MB/sec
[   14.378506] xor: using function: prefetch64-sse (11195.000 MB/sec)
[   14.434164] async_tx: api initialized (async)
[   14.468870] md: raid6 personality registered for level 6
[   14.511267] md: raid5 personality registered for level 5
[   14.513745] md: raid4 personality registered for level 4
[   14.615993] md: raid10 personality registered for level 10
done.
Begin: Running /scripts/init-premount ... done.
Begin: Mounting root file system ... Begin: Running /scripts/local-top ... done.
Begin: Running /scripts/local-premount ... [   14.846786] Btrfs loaded
Scanning for Btrfs filesystems
done.
Warning: fsck not present, so skipping root file system
[   15.185139] EXT4-fs (sda1): mounted filesystem with ordered data mode. Opts: (null)
done.
Begin: Running /scripts/local-bottom ... done.
Begin: Running /scripts/init-bottom ... done.
[   15.945735] random: nonblocking pool is initialized
[   16.405073] systemd[1]: systemd 229 running in system mode. (+PAM +AUDIT +SELINUX +IMA +APPARMOR +SMACK +SYSVINIT +UTMP +LIBCRYPTSETUP +GCRYPT +GNUTLS +ACL +XZ -LZ4 +SECCOMP +BLKID +ELFUTILS +KMOD -IDN)
[   16.745207] systemd[1]: Detected virtualization oracle.
[   16.816348] systemd[1]: Detected architecture x86-64.

Welcome to [1mUbuntu 16.04.5 LTS[0m!

[   16.981607] systemd[1]: Set hostname to <ubuntu-xenial>.
[   18.595200] systemd[1]: Listening on Device-mapper event daemon FIFOs.
[[0;32m  OK  [0m] Listening on Device-mapper event daemon FIFOs.
[   18.825582] systemd[1]: Listening on Journal Socket (/dev/log).
[[0;32m  OK  [0m] Listening on Journal Socket (/dev/log).
[   19.048559] systemd[1]: Reached target User and Group Name Lookups.
[[0;32m  OK  [0m] Reached target User and Group Name Lookups.
[   19.273100] systemd[1]: Started Forward Password Requests to Wall Directory Watch.
[[0;32m  OK  [0m] Started Forward Password Requests to Wall Directory Watch.
[   19.560834] systemd[1]: Listening on udev Kernel Socket.
[[0;32m  OK  [0m] Listening on udev Kernel Socket.
[   19.750693] systemd[1]: Created slice User and Session Slice.
[[0;32m  OK  [0m] Created slice User and Session Slice.
[   19.948755] systemd[1]: Listening on LVM2 poll daemon socket.
[[0;32m  OK  [0m] Listening on LVM2 poll daemon socket.
[   20.170494] systemd[1]: Reached target Encrypted Volumes.
[[0;32m  OK  [0m] Reached target Encrypted Volumes.
[   20.365583] systemd[1]: Set up automount Arbitrary Executable File Formats File System Automount Point.
[[0;32m  OK  [0m] Set up automount Arbitrary Executab...ats File System Automount Point.
[   20.554577] systemd[1]: Reached target Swap.
[[0;32m  OK  [0m] Reached target Swap.
[   20.728920] systemd[1]: Listening on Journal Audit Socket.
[[0;32m  OK  [0m] Listening on Journal Audit Socket.
[   20.925620] systemd[1]: Listening on Journal Socket.
[[0;32m  OK  [0m] Listening on Journal Socket.
[   21.130097] systemd[1]: Listening on LVM2 metadata daemon socket.
[[0;32m  OK  [0m] Listening on LVM2 metadata daemon socket.
[   21.313232] systemd[1]: Listening on /dev/initctl Compatibility Named Pipe.
[[0;32m  OK  [0m] Listening on /dev/initctl Compatibility Named Pipe.
[   21.401050] systemd[1]: Listening on udev Control Socket.
[[0;32m  OK  [0m] Listening on udev Control Socket.
[   21.461777] systemd[1]: Created slice System Slice.
[[0;32m  OK  [0m] Created slice System Slice.
[   21.649852] systemd[1]: Starting Set console keymap...
         Starting Set console keymap...
[   21.788171] systemd[1]: Starting Monitoring of LVM2 mirrors, snapshots etc. using dmeventd or progress polling...
         Starting Monitoring of LVM2 mirrors... dmeventd or progress polling...
[   22.142216] systemd[1]: Starting Load Kernel Modules...
         Starting Load Kernel Modules...
[   22.313576] systemd[1]: Starting Remount Root and Kernel File Systems...
         Starting Remount Root and Kernel File Systems...
[   22.431704] systemd[1]: Reached target Slices.
[[0;32m  OK  [0m] Reached target Slices.
[   22.543527] Loading iSCSI transport class v2.0-870.
[   22.547330] EXT4-fs (sda1): re-mounted. Opts: (null)
[   22.589585] systemd[1]: Mounting POSIX Message Queue File System...
         [   22.669203] iscsi: registered transport (tcp)
Mounting POSIX Message Queue File System...
[   22.731515] systemd[1]: Mounting Huge Pages File System...
         Mounting Huge Pages File System...
[   22.848643] systemd[1]: Starting Uncomplicated firewall...
         Starting Uncomplicated firewall...
[   22.905549] systemd[1]: Reached target System Time Synchronized.
[[0;32m  OK  [0m] Reached target System Time Synchronized.
[   22.958906] iscsi: registered transport (iser)
[   22.963446] systemd[1]: Started Trigger resolvconf update for networkd DNS.
[[0;32m  OK  [0m] Started Trigger resolvconf update for networkd DNS.
[   22.977068] systemd[1]: Listening on Syslog Socket.
[[0;32m  OK  [0m] Listening on Syslog Socket.
[   23.032901] systemd[1]: Starting Nameserver information manager...
         Starting Nameserver information manager...
[   23.091568] systemd[1]: Starting Create list of required static device nodes for the current kernel...
         Starting Create list of required st... nodes for the current kernel...
[   23.234443] systemd[1]: Starting Journal Service...
         Starting Journal Service...
[   23.368898] systemd[1]: Mounting Debug File System...
         Mounting Debug File System...
[   23.428160] systemd[1]: Created slice system-serial\x2dgetty.slice.
[[0;32m  OK  [0m] Created slice system-serial\x2dgetty.slice.
[   23.522625] systemd[1]: Mounted POSIX Message Queue File System.
[[0;32m  OK  [0m] Mounted POSIX Message Queue File System.
[   23.649048] systemd[1]: Mounted Huge Pages File System.
[[0;32m  OK  [0m] Mounted Huge Pages File System.
[   23.772674] systemd[1]: Mounted Debug File System.
[[0;32m  OK  [0m] Mounted Debug File System.
[   23.964991] systemd[1]: Started Journal Service.
[[0;32m  OK  [0m] Started Journal Service.
[[0;32m  OK  [0m] Started Set console keymap.
[[0;32m  OK  [0m] Started Load Kernel Modules.
[[0;32m  OK  [0m] Started Remount Root and Kernel File Systems.
[[0;32m  OK  [0m] Started Uncomplicated firewall.
[[0;32m  OK  [0m] Started Create list of required sta...ce nodes for the current kernel.
[[0;32m  OK  [0m] Started Nameserver information manager.
[[0;32m  OK  [0m] Started LVM2 metadata daemon.
         Starting Create Static Device Nodes in /dev...
         Starting Load/Save Random Seed...
         Starting udev Coldplug all Devices...
         Starting Apply Kernel Variables...
         Mounting FUSE Control File System...
         Starting Flush Journal to Persistent Storage...
[[0;32m  OK  [0m] Mounted FUSE Control File System.
[[0;32m  OK  [0m] Started Monitoring of LVM2 mirrors,...ng dmeventd or progress polling.
[[0;32m  OK  [0m] Started Create Static Device Nodes in /dev.
[[0;32m  OK  [0m] Started Load/Save Random Seed.
[[0;32m  OK  [0m] Started Apply Kernel Variables.
         Starting udev Kernel Device Manager...
[[0;32m  OK  [0m] Reached target Local File Systems (Pre).
[[0;32m  OK  [0m] Reached target Local File Systems.
         Starting Tell Plymouth To Write Out Runtime Data...
         Starting Initial cloud-init job (pre-networking)...
         Starting Set console font and keymap...
         Starting LSB: AppArmor initialization...
[[0;32m  OK  [0m] Started udev Kernel Device Manager.
[[0;32m  OK  [0m] Started Flush Journal to Persistent Storage.
[[0;32m  OK  [0m] Started udev Coldplug all Devices.
[[0;32m  OK  [0m] Started Tell Plymouth To Write Out Runtime Data.
         Starting Create Volatile Files and Directories...
[[0;32m  OK  [0m] Started Dispatch Password Requests to Console Directory Watch.
[[0;32m  OK  [0m] Started Create Volatile Files and Directories.
         Starting Update UTMP about System Boot/Shutdown...
[[0;32m  OK  [0m] Started Update UTMP about System Boot/Shutdown.
[[0;32m  OK  [0m] Found device /dev/ttyS0.
[[0;32m  OK  [0m] Listening on Load/Save RF Kill Switch Status /dev/rfkill Watch.
[[0;32m  OK  [0m] Started LSB: AppArmor initialization.
[[0;32m  OK  [0m] Found device 82540EM Gigabit Ethern...r (PRO/1000 MT Desktop Adapter).
[[0;32m  OK  [0m] Started Set console font and keymap.
[[0;32m  OK  [0m] Created slice system-getty.slice.
[   34.338910] cloud-init[467]: Cloud-init v. 18.4-0ubuntu1~16.04.2 running 'init-local' at Wed, 07 Nov 2018 22:36:27 +0000. Up 32.31 seconds.
[[0;32m  OK  [0m] Started Initial cloud-init job (pre-networking).
[[0;32m  OK  [0m] Reached target Network (Pre).
         Starting Raise network interfaces...
[[0;32m  OK  [0m] Started ifup for enp0s3.
[[0;32m  OK  [0m] Started Raise network interfaces.
         Starting Initial cloud-init job (metadata service crawler)...
[[0;32m  OK  [0m] Reached target Network.
[   39.677167] cloud-init[950]: Cloud-init v. 18.4-0ubuntu1~16.04.2 running 'init' at Wed, 07 Nov 2018 22:36:33 +0000. Up 37.96 seconds.
[   39.825623] cloud-init[950]: ci-info: ++++++++++++++++++++++++++++++++++++++Net device info++++++++++++++++++++++++++++++++++++++
[   39.937289] cloud-init[950]: ci-info: +--------+------+----------------------------+---------------+--------+-------------------+
[[0;32m  OK  [0m] Started Initial cloud-init job (metadata service crawler).
[   40.050789] cloud-init[950]: ci-info: | Device |  Up  |          Address           |      Mask     | Scope  |     Hw-Address    |
[[0;32m  OK  [0m] Reached target Network is Online.
[   40.237689] cloud-init[950]: ci-info: +--------+------+----------------------------+---------------+--------+-------------------+
[   40.451322] cloud-init[950]: ci-info: | enp0s3 | True |         10.0.2.15          | 255.255.255.0 | global | 02:33:70:c2:c2:dc |
         Starting iSCSI initiator daemon (iscsid)...
[   40.452874] cloud-init[950]: ci-info: | enp0s3 | True | fe80::33:70ff:fec2:c2dc/64 |       .       |  link  | 02:33:70:c2:c2:dc |
[   40.749303] cloud-init[950]: ci-info: |   lo   | True |         127.0.0.1          |   255.0.0.0   |  host  |         .         |
[   40.749860] cloud-init[950]: ci-info: |   lo   | True |          ::1/128           |       .       |  host  |         .         |
[[0;32m  OK  [0m] Reached target System Initialization.
[   40.750183] cloud-init[950]: ci-info: +--------+------+----------------------------+---------------+--------+-------------------+
[   41.157189] cloud-init[950]: ci-info: +++++++++++++++++++++++++++Route IPv4 info++++++++++++++++++++++++++++
[[0;32m  OK  [0m] Started Daily apt download activities.
[   41.157885] cloud-init[950]: ci-info: +-------+-------------+----------+---------------+-----------+-------+
[   41.421095] cloud-init[950]: ci-info: | Route | Destination | Gateway  |    Genmask    | Interface | Flags |
[[0;32m  OK  [0m] Started Daily apt upgrade and clean activities.[   41.421710] 
cloud-init[950]: ci-info: +-------+-------------+----------+---------------+-----------+-------+
[   41.677066] cloud-init[950]: ci-info: |   0   |   0.0.0.0   | 10.0.2.2 |    0.0.0.0    |   enp0s3  |   UG  |
[[0;32m  OK  [0m] Listening on UUID daemon activation socket.
[   41.677747] cloud-init[950]: ci-info: |   1   |   10.0.2.0  | 0.0.0.0  | 255.255.255.0 |   enp0s3  |   U   |
[   41.940942] cloud-init[950]: ci-info: +-------+-------------+----------+---------------+-----------+-------+
         Starting Socket activation for snappy daemon.
[   41.941548] cloud-init[950]: ci-info: +++++++++++++++++++Route IPv6 info+++++++++++++++++++
[   42.200901] cloud-init[950]: ci-info: +-------+-------------+---------+-----------+-------+
[[0;32m  OK  [0m] Listening on D-Bus System Message Bus Socket.
[   42.201339] cloud-init[950]: ci-info: | Route | Destination | Gateway | Interface | Flags |
[   42.425040] cloud-init[950]: ci-info: +-------+-------------+---------+-----------+-------+
[   42.511463] cloud-init[950]: ci-info: |   0   |  fe80::/64  |    ::   |   enp0s3  |   U   |
[   42.592849] cloud-init[950]: ci-info: |   4   |   ff00::/8  |    ::   |   enp0s3  |   U   |
[   42.677880] cloud-init[950]: ci-info: +-------+-------------+---------+-----------+-------+
         Starting LXD - unix socket.
[[0;32m  OK  [0m] Listening on ACPID Listen Socket.
[[0;32m  OK  [0m] Started Daily Cleanup of Temporary Directories.
[[0;32m  OK  [0m] Reached target Timers.
[[0;32m  OK  [0m] Started ACPI Events Check.
[[0;32m  OK  [0m] Reached target Paths.
[[0;32m  OK  [0m] Reached target Cloud-config availability.
[[0;32m  OK  [0m] Listening on Socket activation for snappy daemon.
[[0;32m  OK  [0m] Listening on LXD - unix socket.
[[0;32m  OK  [0m] Started iSCSI initiator daemon (iscsid).
         Starting Login to default iSCSI targets...
[[0;32m  OK  [0m] Reached target Sockets.
[[0;32m  OK  [0m] Reached target Basic System.
[[0;32m  OK  [0m] Started D-Bus System Message Bus.
[[0;32m  OK  [0m] Started ACPI event daemon.
[[0;32m  OK  [0m] Started Unattended Upgrades Shutdown.
         Starting Login Service...
         Starting LSB: MD monitoring daemon...
         Starting Virtualbox guest utils...
         Starting /etc/rc.local Compatibility...
         Starting Accounts Service...
         Starting OpenBSD Secure Shell server...
         Starting Snappy daemon...
[[0;32m  OK  [0m] Started Deferred execution scheduler.
[[0;32m  OK  [0m] Started FUSE filesystem for LXC.
         Starting System Logging Service...
[[0;32m  OK  [0m] Started Regular background program processing daemon.
         Starting LXD - container startup/shutdown...
         Starting LSB: Record successful boot for GRUB...
[[0;32m  OK  [0m] Started /etc/rc.local Compatibility.
[[0;32m  OK  [0m] Started Login Service.
[[0;32m  OK  [0m] Started Login to default iSCSI targets.
[[0;32m  OK  [0m] Reached target Remote File Systems (Pre).
[[0;32m  OK  [0m] Reached target Remote File Systems.
         Starting LSB: Apache2 web server...
         Starting Permit User Sessions...
         Starting LSB: automatic crash report generation...
         Starting LSB: Set the CPU Frequency Scaling governor to "ondemand"...
         Starting LSB: daemon to balance interrupts for SMP systems...
[[0;32m  OK  [0m] Started System Logging Service.
[[0;32m  OK  [0m] Started LSB: MD monitoring daemon.
[[0;32m  OK  [0m] Started LSB: Record successful boot for GRUB.
[[0;32m  OK  [0m] Started Permit User Sessions.
         Starting Authenticate and Authorize Users to Run Privileged Tasks...
         Starting Terminate Plymouth Boot Screen...
         Starting Hold until boot process finishes up...
[[0;32m  OK  [0m] Started OpenBSD Secure Shell server.
[[0;32m  OK  [0m] Started Terminate Plymouth Boot Screen.
[[0;32m  OK  [0m] Started Hold until boot process finishes up.
[[0;32m  OK  [0m] Started Getty on tty1.
[[0;32m  OK  [0m] Started Serial Getty on ttyS0.
[[0;32m  OK  [0m] Reached target Login Prompts.
         Starting Set console scheme...
[[0;32m  OK  [0m] Started LSB: Set the CPU Frequency Scaling governor to "ondemand".
[[0;32m  OK  [0m] Started Set console scheme.
[[0;32m  OK  [0m] Started LSB: daemon to balance interrupts for SMP systems.
[[0;32m  OK  [0m] Started Authenticate and Authorize Users to Run Privileged Tasks.
[[0;32m  OK  [0m] Started LSB: automatic crash report generation.
[[0;32m  OK  [0m] Started Virtualbox guest utils.
[[0;32m  OK  [0m] Started Accounts Service.
[[0;32m  OK  [0m] Created slice User Slice of vagrant.
         Starting User Manager for UID 1000...
[[0;32m  OK  [0m] Started Session 1 of user vagrant.
[[0;32m  OK  [0m] Started LXD - container startup/shutdown.
[[0;32m  OK  [0m] Started User Manager for UID 1000.
[[0;32m  OK  [0m] Started Snappy daemon.
         Starting Wait until snapd is fully seeded...
[[0;32m  OK  [0m] Started Wait until snapd is fully seeded.
         Starting Apply the settings specified in cloud-config...
[[0;32m  OK  [0m] Started LSB: Apache2 web server.
[[0;32m  OK  [0m] Reached target Multi-User System.
[[0;32m  OK  [0m] Reached target Graphical Interface.
         Starting Update UTMP about System Runlevel Changes...
[[0;32m  OK  [0m] Started Update UTMP about System Runlevel Changes.
[   52.979727] cloud-init[1257]: Cloud-init v. 18.4-0ubuntu1~16.04.2 running 'modules:config' at Wed, 07 Nov 2018 22:36:47 +0000. Up 52.31 seconds.

Ubuntu 16.04.5 LTS ubuntu-xenial ttyS0

ubuntu-xenial login: [   54.974734] cloud-init[1384]: Cloud-init v. 18.4-0ubuntu1~16.04.2 running 'modules:final' at Wed, 07 Nov 2018 22:36:49 +0000. Up 54.32 seconds.
[   54.976084] cloud-init[1384]: Cloud-init v. 18.4-0ubuntu1~16.04.2 finished at Wed, 07 Nov 2018 22:36:50 +0000. Datasource DataSourceNoCloud [seed=/dev/sdb][dsmode=net].  Up 54.93 seconds
